[2025-08-09 11:51:34,180: INFO: main: logging is implemented]
[2025-08-13 21:42:32,104: INFO: common: yaml file: config/config.yaml loaded successfully]
[2025-08-13 21:42:32,106: INFO: common: yaml file: params.yaml loaded successfully]
[2025-08-13 21:42:32,107: INFO: common: created directory at: artifacts]
[2025-08-13 21:42:32,108: INFO: common: created directory at: artifacts/data_ingestion]
[2025-08-13 21:42:40,167: INFO: common: yaml file: config/config.yaml loaded successfully]
[2025-08-13 21:42:40,168: INFO: common: yaml file: params.yaml loaded successfully]
[2025-08-13 21:42:40,169: INFO: common: created directory at: artifacts]
[2025-08-13 21:42:40,169: INFO: common: created directory at: artifacts/data_ingestion]
[2025-08-13 21:42:42,488: INFO: 1740865185: File is downloaded]
[2025-08-14 12:25:14,661: INFO: main: >>>>>>>>>>>>>>data Ingestion stage<<<<<<<<<<<<<<<<<]
[2025-08-14 12:25:14,662: INFO: common: yaml file: config/config.yaml loaded successfully]
[2025-08-14 12:25:14,662: INFO: common: yaml file: params.yaml loaded successfully]
[2025-08-14 12:25:14,662: INFO: common: created directory at: artifacts]
[2025-08-14 12:25:14,662: INFO: common: created directory at: artifacts/data_ingestion]
[2025-08-14 12:25:17,677: INFO: data_ingestion: File is downloaded]
[2025-08-14 12:25:17,768: INFO: main: stage data Ingestion stage completed]
[2025-08-14 13:25:55,620: INFO: common: yaml file: config/config.yaml loaded successfully]
[2025-08-14 13:25:55,623: INFO: common: yaml file: params.yaml loaded successfully]
[2025-08-14 13:25:55,624: INFO: common: created directory at: artifacts]
[2025-08-14 13:25:55,624: INFO: common: created directory at: artifacts/data_transformation]
[2025-08-14 13:27:17,644: INFO: common: yaml file: config/config.yaml loaded successfully]
[2025-08-14 13:27:17,648: INFO: common: yaml file: params.yaml loaded successfully]
[2025-08-14 13:27:17,651: INFO: common: created directory at: artifacts]
[2025-08-14 13:27:17,651: INFO: common: created directory at: artifacts/data_transformation]
[2025-08-14 13:28:01,952: INFO: common: yaml file: config/config.yaml loaded successfully]
[2025-08-14 13:28:01,956: INFO: common: yaml file: params.yaml loaded successfully]
[2025-08-14 13:28:01,957: INFO: common: created directory at: artifacts]
[2025-08-14 13:28:01,958: INFO: common: created directory at: artifacts/data_transformation]
[2025-08-14 13:28:32,972: INFO: common: yaml file: config/config.yaml loaded successfully]
[2025-08-14 13:28:32,975: INFO: common: yaml file: params.yaml loaded successfully]
[2025-08-14 13:28:32,975: INFO: common: created directory at: artifacts]
[2025-08-14 13:28:32,976: INFO: common: created directory at: artifacts/data_transformation]
[2025-08-14 13:28:58,773: INFO: common: yaml file: config/config.yaml loaded successfully]
[2025-08-14 13:28:58,774: INFO: common: yaml file: params.yaml loaded successfully]
[2025-08-14 13:28:58,775: INFO: common: created directory at: artifacts]
[2025-08-14 13:28:58,775: INFO: common: created directory at: artifacts/data_transformation]
[2025-08-14 13:29:17,838: INFO: common: yaml file: config/config.yaml loaded successfully]
[2025-08-14 13:29:17,843: INFO: common: yaml file: params.yaml loaded successfully]
[2025-08-14 13:29:17,844: INFO: common: created directory at: artifacts]
[2025-08-14 13:29:17,845: INFO: common: created directory at: artifacts/data_transformation]
[2025-08-14 13:31:15,848: INFO: common: yaml file: config/config.yaml loaded successfully]
[2025-08-14 13:31:15,850: INFO: common: yaml file: params.yaml loaded successfully]
[2025-08-14 13:31:15,851: INFO: common: created directory at: artifacts]
[2025-08-14 13:31:15,851: INFO: common: created directory at: artifacts/data_transformation]
[2025-08-14 13:32:10,176: INFO: common: yaml file: config/config.yaml loaded successfully]
[2025-08-14 13:32:10,178: INFO: common: yaml file: params.yaml loaded successfully]
[2025-08-14 13:32:10,179: INFO: common: created directory at: artifacts]
[2025-08-14 13:32:10,179: INFO: common: created directory at: artifacts/data_transformation]
[2025-08-14 13:35:57,669: INFO: common: yaml file: config/config.yaml loaded successfully]
[2025-08-14 13:35:57,672: INFO: common: yaml file: params.yaml loaded successfully]
[2025-08-14 13:35:57,673: INFO: common: created directory at: artifacts]
[2025-08-14 13:35:57,674: INFO: common: created directory at: artifacts/data_transformation]
[2025-08-14 13:37:40,765: INFO: common: yaml file: config/config.yaml loaded successfully]
[2025-08-14 13:37:40,767: INFO: common: yaml file: params.yaml loaded successfully]
[2025-08-14 13:37:40,768: INFO: common: created directory at: artifacts]
[2025-08-14 13:37:40,769: INFO: common: created directory at: artifacts/data_transformation]
[2025-08-14 13:38:02,896: INFO: common: yaml file: config/config.yaml loaded successfully]
[2025-08-14 13:38:02,898: INFO: common: yaml file: params.yaml loaded successfully]
[2025-08-14 13:38:02,899: INFO: common: created directory at: artifacts]
[2025-08-14 13:38:02,899: INFO: common: created directory at: artifacts/data_transformation]
[2025-08-14 18:52:22,527: INFO: main: >>>>>>>>>>>>>>data Ingestion stage<<<<<<<<<<<<<<<<<]
[2025-08-14 18:52:22,527: ERROR: main: 'DataIngestionTrainingPipeline' object has no attribute 'initiate_data_ingestion_pipeline']
Traceback (most recent call last):
  File "/Users/satwiksahoo/Desktop/CodeBasics/machine learning/krish naik/NLP project/text_summarizer/main.py", line 11, in <module>
    data_ingestion_pipeline.initiate_data_ingestion_pipeline()
AttributeError: 'DataIngestionTrainingPipeline' object has no attribute 'initiate_data_ingestion_pipeline'
[2025-08-14 18:54:06,955: INFO: main: >>>>>>>>>>>>>>data Ingestion stage<<<<<<<<<<<<<<<<<]
[2025-08-14 18:54:06,956: ERROR: main: 'DataIngestionTrainingPipeline' object has no attribute 'init']
Traceback (most recent call last):
  File "/Users/satwiksahoo/Desktop/CodeBasics/machine learning/krish naik/NLP project/text_summarizer/main.py", line 11, in <module>
    data_ingestion_pipeline.init()
AttributeError: 'DataIngestionTrainingPipeline' object has no attribute 'init'
[2025-08-14 18:54:30,887: INFO: main: >>>>>>>>>>>>>>data Ingestion stage<<<<<<<<<<<<<<<<<]
[2025-08-14 18:54:30,888: INFO: common: yaml file: config/config.yaml loaded successfully]
[2025-08-14 18:54:30,889: INFO: common: yaml file: params.yaml loaded successfully]
[2025-08-14 18:54:30,889: INFO: common: created directory at: artifacts]
[2025-08-14 18:54:30,889: INFO: common: created directory at: artifacts/data_ingestion]
[2025-08-14 18:54:30,889: INFO: data_ingestion: File already exits]
[2025-08-14 18:54:30,987: INFO: main: stage data Ingestion stage completed]
[2025-08-14 18:54:30,987: INFO: main: >>>>>>>>>>>>>>data Transformation stage<<<<<<<<<<<<<<<<<]
[2025-08-14 18:54:30,987: ERROR: main: DataTransformationTrainingPipeline.initiate_data_transformation_pipeline() takes 0 positional arguments but 1 was given]
Traceback (most recent call last):
  File "/Users/satwiksahoo/Desktop/CodeBasics/machine learning/krish naik/NLP project/text_summarizer/main.py", line 26, in <module>
    data_transformation_pipeline.initiate_data_transformation_pipeline()
TypeError: DataTransformationTrainingPipeline.initiate_data_transformation_pipeline() takes 0 positional arguments but 1 was given
[2025-08-14 18:55:15,274: INFO: main: >>>>>>>>>>>>>>data Ingestion stage<<<<<<<<<<<<<<<<<]
[2025-08-14 18:55:15,275: INFO: common: yaml file: config/config.yaml loaded successfully]
[2025-08-14 18:55:15,275: INFO: common: yaml file: params.yaml loaded successfully]
[2025-08-14 18:55:15,275: INFO: common: created directory at: artifacts]
[2025-08-14 18:55:15,275: INFO: common: created directory at: artifacts/data_ingestion]
[2025-08-14 18:55:15,275: INFO: data_ingestion: File already exits]
[2025-08-14 18:55:15,342: INFO: main: stage data Ingestion stage completed]
[2025-08-14 18:55:15,343: INFO: main: >>>>>>>>>>>>>>data Transformation stage<<<<<<<<<<<<<<<<<]
[2025-08-14 18:55:15,343: INFO: common: yaml file: config/config.yaml loaded successfully]
[2025-08-14 18:55:15,343: INFO: common: yaml file: params.yaml loaded successfully]
[2025-08-14 18:55:15,343: INFO: common: created directory at: artifacts]
[2025-08-14 18:55:15,343: INFO: common: created directory at: artifacts/data_transformation]
[2025-08-14 18:55:17,691: INFO: main: stage data Transformation stage completed]
